<?xml version="1.0" encoding="UTF-8"?>
<!-- Generated by org.testng.reporters.JUnitReportReporter -->
<testsuite hostname="Karthik-HP" name="BBC" tests="1" failures="0" timestamp="25 Oct 2015 13:59:19 GMT" time="46.657" errors="0">
  <testcase name="testBBC" time="46.657" classname="BBC"/>
</testsuite> <!-- BBC -->
